# JRE version: OpenJDK Runtime Environment (8.0_242-b01) (build 1.8.0_242-release-1644-b01)
# Java VM: OpenJDK 64-Bit Server VM (25.242-b01 mixed mode windows-amd64 compressed oops)
Heap:
 PSYoungGen      total 211456K, used 122896K [0x0000000715d00000, 0x0000000728800000, 0x00000007c0000000)
  eden space 189952K, 64% used [0x0000000715d00000,0x000000071d504280,0x0000000721680000)
  from space 21504K, 0% used [0x0000000727300000,0x0000000727300000,0x0000000728800000)
  to   space 21504K, 0% used [0x0000000725e00000,0x0000000725e00000,0x0000000727300000)
 ParOldGen       total 226304K, used 27114K [0x00000005c1600000, 0x00000005cf300000, 0x0000000715d00000)
  object space 226304K, 11% used [0x00000005c1600000,0x00000005c307a8d0,0x00000005cf300000)
 Metaspace       used 43489K, capacity 44160K, committed 44464K, reserved 1087488K
  class space    used 5337K, capacity 5506K, committed 5552K, reserved 1048576K
GC Heap History (8 events):
Event: 1.575 GC heap before
{Heap before GC invocations=1 (full 0):
 PSYoungGen      total 153088K, used 95259K [0x0000000715d00000, 0x0000000720780000, 0x00000007c0000000)
  eden space 131584K, 72% used [0x0000000715d00000,0x000000071ba06cf0,0x000000071dd80000)
  from space 21504K, 0% used [0x000000071f280000,0x000000071f280000,0x0000000720780000)
  to   space 21504K, 0% used [0x000000071dd80000,0x000000071dd80000,0x000000071f280000)
 ParOldGen       total 349696K, used 0K [0x00000005c1600000, 0x00000005d6b80000, 0x0000000715d00000)
  object space 349696K, 0% used [0x00000005c1600000,0x00000005c1600000,0x00000005d6b80000)
 Metaspace       used 20828K, capacity 21240K, committed 21296K, reserved 1069056K
  class space    used 2435K, capacity 2590K, committed 2608K, reserved 1048576K
Event: 1.613 GC heap after
Heap after GC invocations=1 (full 0):
 PSYoungGen      total 153088K, used 19989K [0x0000000715d00000, 0x0000000728800000, 0x00000007c0000000)
  eden space 131584K, 0% used [0x0000000715d00000,0x0000000715d00000,0x000000071dd80000)
  from space 21504K, 92% used [0x000000071dd80000,0x000000071f1054f0,0x000000071f280000)
  to   space 21504K, 0% used [0x0000000727300000,0x0000000727300000,0x0000000728800000)
 ParOldGen       total 349696K, used 88K [0x00000005c1600000, 0x00000005d6b80000, 0x0000000715d00000)
  object space 349696K, 0% used [0x00000005c1600000,0x00000005c1616010,0x00000005d6b80000)
 Metaspace       used 20828K, capacity 21240K, committed 21296K, reserved 1069056K
  class space    used 2435K, capacity 2590K, committed 2608K, reserved 1048576K
}
Event: 1.613 GC heap before
{Heap before GC invocations=2 (full 1):
 PSYoungGen      total 153088K, used 19989K [0x0000000715d00000, 0x0000000728800000, 0x00000007c0000000)
  eden space 131584K, 0% used [0x0000000715d00000,0x0000000715d00000,0x000000071dd80000)
  from space 21504K, 92% used [0x000000071dd80000,0x000000071f1054f0,0x000000071f280000)
  to   space 21504K, 0% used [0x0000000727300000,0x0000000727300000,0x0000000728800000)
 ParOldGen       total 349696K, used 88K [0x00000005c1600000, 0x00000005d6b80000, 0x0000000715d00000)
  object space 349696K, 0% used [0x00000005c1600000,0x00000005c1616010,0x00000005d6b80000)
 Metaspace       used 20828K, capacity 21240K, committed 21296K, reserved 1069056K
  class space    used 2435K, capacity 2590K, committed 2608K, reserved 1048576K
Event: 1.664 GC heap after
Heap after GC invocations=2 (full 1):
 PSYoungGen      total 153088K, used 0K [0x0000000715d00000, 0x0000000728800000, 0x00000007c0000000)
  eden space 131584K, 0% used [0x0000000715d00000,0x0000000715d00000,0x000000071dd80000)
  from space 21504K, 0% used [0x000000071dd80000,0x000000071dd80000,0x000000071f280000)
  to   space 21504K, 0% used [0x0000000727300000,0x0000000727300000,0x0000000728800000)
 ParOldGen       total 226304K, used 18886K [0x00000005c1600000, 0x00000005cf300000, 0x0000000715d00000)
  object space 226304K, 8% used [0x00000005c1600000,0x00000005c2871950,0x00000005cf300000)
 Metaspace       used 20828K, capacity 21240K, committed 21296K, reserved 1069056K
  class space    used 2435K, capacity 2590K, committed 2608K, reserved 1048576K
}
Event: 3.013 GC heap before
{Heap before GC invocations=3 (full 1):
 PSYoungGen      total 153088K, used 93813K [0x0000000715d00000, 0x0000000728800000, 0x00000007c0000000)
  eden space 131584K, 71% used [0x0000000715d00000,0x000000071b89d458,0x000000071dd80000)
  from space 21504K, 0% used [0x000000071dd80000,0x000000071dd80000,0x000000071f280000)
  to   space 21504K, 0% used [0x0000000727300000,0x0000000727300000,0x0000000728800000)
 ParOldGen       total 226304K, used 18886K [0x00000005c1600000, 0x00000005cf300000, 0x0000000715d00000)
  object space 226304K, 8% used [0x00000005c1600000,0x00000005c2871950,0x00000005cf300000)
 Metaspace       used 34711K, capacity 35202K, committed 35496K, reserved 1081344K
  class space    used 4417K, capacity 4577K, committed 4656K, reserved 1048576K
Event: 3.049 GC heap after
Heap after GC invocations=3 (full 1):
 PSYoungGen      total 211456K, used 21489K [0x0000000715d00000, 0x0000000728800000, 0x00000007c0000000)
  eden space 189952K, 0% used [0x0000000715d00000,0x0000000715d00000,0x0000000721680000)
  from space 21504K, 99% used [0x0000000727300000,0x00000007287fc6b0,0x0000000728800000)
  to   space 21504K, 0% used [0x0000000725e00000,0x0000000725e00000,0x0000000727300000)
 ParOldGen       total 226304K, used 19696K [0x00000005c1600000, 0x00000005cf300000, 0x0000000715d00000)
  object space 226304K, 8% used [0x00000005c1600000,0x00000005c293c288,0x00000005cf300000)
 Metaspace       used 34711K, capacity 35202K, committed 35496K, reserved 1081344K
  class space    used 4417K, capacity 4577K, committed 4656K, reserved 1048576K
}
Event: 3.049 GC heap before
{Heap before GC invocations=4 (full 2):
 PSYoungGen      total 211456K, used 21489K [0x0000000715d00000, 0x0000000728800000, 0x00000007c0000000)
  eden space 189952K, 0% used [0x0000000715d00000,0x0000000715d00000,0x0000000721680000)
  from space 21504K, 99% used [0x0000000727300000,0x00000007287fc6b0,0x0000000728800000)
  to   space 21504K, 0% used [0x0000000725e00000,0x0000000725e00000,0x0000000727300000)
 ParOldGen       total 226304K, used 19696K [0x00000005c1600000, 0x00000005cf300000, 0x0000000715d00000)
  object space 226304K, 8% used [0x00000005c1600000,0x00000005c293c288,0x00000005cf300000)
 Metaspace       used 34711K, capacity 35202K, committed 35496K, reserved 1081344K
  class space    used 4417K, capacity 4577K, committed 4656K, reserved 1048576K
Event: 3.102 GC heap after
Heap after GC invocations=4 (full 2):
 PSYoungGen      total 211456K, used 0K [0x0000000715d00000, 0x0000000728800000, 0x00000007c0000000)
  eden space 189952K, 0% used [0x0000000715d00000,0x0000000715d00000,0x0000000721680000)
  from space 21504K, 0% used [0x0000000727300000,0x0000000727300000,0x0000000728800000)
  to   space 21504K, 0% used [0x0000000725e00000,0x0000000725e00000,0x0000000727300000)
 ParOldGen       total 226304K, used 27114K [0x00000005c1600000, 0x00000005cf300000, 0x0000000715d00000)
  object space 226304K, 11% used [0x00000005c1600000,0x00000005c307a8d0,0x00000005cf300000)
 Metaspace       used 34711K, capacity 35202K, committed 35496K, reserved 1081344K
  class space    used 4417K, capacity 4577K, committed 4656K, reserved 1048576K
}

